<?xml version="1.0" encoding="UTF-8"?>
<!-- Generated by org.testng.reporters.JUnitXMLReporter -->
<testsuite ignored="2" hostname="ADITYA" failures="0" tests="2" name="Test" time="0.062" errors="0" timestamp="07 Jun 2024 11:20:01 GMT">
  <testcase classname="pac2_maven.OrgTest" name="modifyOrgTest" time="0.023"/>
  <testcase classname="pac1_maven.ContactTest" name="modifyContactTest" time="0.003"/>
  <testcase classname="pac2_maven.OrgTest" name="createOrgTest" time="0.0">
    <ignored/>
  </testcase> <!-- createOrgTest -->
  <testcase classname="pac1_maven.ContactTest" name="createContactTest" time="0.0">
    <ignored/>
  </testcase> <!-- createContactTest -->
</testsuite> <!-- Test -->
